#
# There is insufficient memory for the Java Runtime Environment to continue.
# Native memory allocation (malloc) failed to allocate 32744 bytes for ChunkPool::allocate
# Possible reasons:
#   The system is out of physical RAM or swap space
#   In 32 bit mode, the process size limit was hit
# Possible solutions:
#   Reduce memory load on the system
#   Increase physical memory or swap space
#   Check if swap backing store is full
#   Use 64 bit Java on a 64 bit OS
#   Decrease Java heap size (-Xmx/-Xms)
#   Decrease number of Java threads
#   Decrease Java thread stack sizes (-Xss)
#   Set larger code cache with -XX:ReservedCodeCacheSize=
# This output file may be truncated or incomplete.
#
#  Out of Memory Error (allocation.cpp:273), pid=76200, tid=0x0000000000016f94
#
# JRE version: OpenJDK Runtime Environment (8.0_112-b06) (build 1.8.0_112-release-b06)
# Java VM: OpenJDK 64-Bit Server VM (25.112-b06 mixed mode windows-amd64 compressed oops)
# Failed to write core dump. Minidumps are not enabled by default on client versions of Windows
#

---------------  T H R E A D  ---------------

Current thread (0x00000000564e8800):  JavaThread "C2 CompilerThread1" daemon [_thread_in_native, id=94100, stack(0x0000000056f10000,0x0000000057010000)]

Stack: [0x0000000056f10000,0x0000000057010000]
[error occurred during error reporting (printing stack bounds), id 0xc0000005]

Native frames: (J=compiled Java code, j=interpreted, Vv=VM code, C=native code)


Current CompileTask:
C2:  73993 2152       4       com.android.dx.cf.code.Simulator$SimVisitor::visitNoArgs (2136 bytes)


---------------  P R O C E S S  ---------------

Java Threads: ( => current thread )
  0x000000005686e800 JavaThread "pool-1-thread-4" [_thread_blocked, id=93464, stack(0x0000000058320000,0x0000000058420000)]
  0x000000005686d000 JavaThread "pool-1-thread-3" [_thread_blocked, id=93468, stack(0x0000000058130000,0x0000000058230000)]
  0x0000000056772800 JavaThread "pool-1-thread-2" [_thread_blocked, id=93536, stack(0x0000000057ee0000,0x0000000057fe0000)]
  0x000000005689f800 JavaThread "pool-2-thread-1" [_thread_blocked, id=93580, stack(0x0000000057da0000,0x0000000057ea0000)]
  0x000000005675b000 JavaThread "pool-1-thread-1" [_thread_blocked, id=93584, stack(0x0000000056a70000,0x0000000056b70000)]
  0x0000000056504000 JavaThread "Service Thread" daemon [_thread_blocked, id=94092, stack(0x0000000057310000,0x0000000057410000)]
  0x0000000056503000 JavaThread "C1 CompilerThread2" daemon [_thread_blocked, id=94096, stack(0x0000000057090000,0x0000000057190000)]
=>0x00000000564e8800 JavaThread "C2 CompilerThread1" daemon [_thread_in_native, id=94100, stack(0x0000000056f10000,0x0000000057010000)]
  0x00000000564a0800 JavaThread "C2 CompilerThread0" daemon [_thread_blocked, id=94056, stack(0x0000000056d50000,0x0000000056e50000)]
  0x000000005533d000 JavaThread "Attach Listener" daemon [_thread_blocked, id=94112, stack(0x0000000056ba0000,0x0000000056ca0000)]
  0x000000005533c000 JavaThread "Signal Dispatcher" daemon [_thread_blocked, id=94152, stack(0x0000000056960000,0x0000000056a60000)]
  0x0000000055317000 JavaThread "Finalizer" daemon [_thread_blocked, id=92536, stack(0x00000000563a0000,0x00000000564a0000)]
  0x00000000552d0000 JavaThread "Reference Handler" daemon [_thread_blocked, id=92532, stack(0x0000000056120000,0x0000000056220000)]
  0x000000000229d800 JavaThread "main" [_thread_in_native, id=93916, stack(0x00000000022d0000,0x00000000023d0000)]

Other Threads:
  0x00000000552c8800 VMThread [stack: 0x00000000562a0000,0x00000000563a0000] [id=92964]
  0x0000000056507800 WatcherThread [stack: 0x0000000057190000,0x0000000057290000] [id=93992]

VM state:not at safepoint (normal execution)

VM Mutex/Monitor currently owned by a thread: None

Heap:
 PSYoungGen      total 77312K, used 35054K [0x00000000eab00000, 0x00000000f4e00000, 0x0000000100000000)
  eden space 68096K, 41% used [0x00000000eab00000,0x00000000ec6c0f68,0x00000000eed80000)
  from space 9216K, 71% used [0x00000000eed80000,0x00000000ef3faaf0,0x00000000ef680000)
  to   space 15360K, 0% used [0x00000000f3f00000,0x00000000f3f00000,0x00000000f4e00000)
 ParOldGen       total 40960K, used 21772K [0x00000000c0000000, 0x00000000c2800000, 0x00000000eab00000)
  object space 40960K, 53% used [0x00000000c0000000,0x00000000c1543000,0x00000000c2800000)
 Metaspace       used 6252K, capacity 7216K, committed 7296K, reserved 1056768K
  class space    used 569K, capacity 616K, committed 640K, reserved 1048576K

Card table byte_map: [0x0000000011b90000,0x0000000011da0000] byte_map_base: 0x0000000011590000

Marking Bits: (ParMarkBitMap*) 0x000000005c6618f0
 Begin Bits: [0x0000000012740000, 0x0000000013740000)
 End Bits:   [0x0000000013740000, 0x0000000014740000)

Polling page: 0x0000000000330000

CodeCache: size=245760Kb used=8463Kb max_used=9639Kb free=237296Kb
 bounds [0x00000000027d0000, 0x0000000003160000, 0x00000000117d0000]
 total_blobs=2011 nmethods=1749 adapters=176
 compilation: enabled

Compilation events (10 events):
Event: 72.793 Thread 0x0000000056503000 2150   !   3       com.android.dx.dex.cf.CfTranslator::translate (44 bytes)
Event: 72.794 Thread 0x0000000056503000 nmethod 2150 0x00000000029b8950 code [0x00000000029b8b40, 0x00000000029b92e8]
Event: 72.794 Thread 0x0000000056503000 2153   !   3       com.android.dx.dex.file.ClassDefsSection::add (75 bytes)
Event: 72.796 Thread 0x0000000056503000 nmethod 2153 0x0000000002a13f50 code [0x0000000002a141c0, 0x0000000002a15158]
Event: 72.796 Thread 0x0000000056503000 2154   !   3       java.util.concurrent.LinkedBlockingQueue::take (93 bytes)
Event: 72.799 Thread 0x0000000056503000 nmethod 2154 0x0000000002925390 code [0x0000000002925680, 0x0000000002926cd8]
Event: 73.161 Thread 0x00000000564a0800 2155       4       com.android.dx.cf.attrib.BaseLocalVariables::byteLength (14 bytes)
Event: 73.162 Thread 0x00000000564a0800 nmethod 2155 0x0000000002eb7c50 code [0x0000000002eb7d80, 0x0000000002eb7df8]
Event: 73.171 Thread 0x00000000564a0800 2156       4       com.android.dx.rop.type.Prototype::getParameterFrameTypes (96 bytes)
Event: 73.186 Thread 0x00000000564a0800 nmethod 2156 0x0000000002960b50 code [0x0000000002960cc0, 0x0000000002960fd8]

GC Heap History (10 events):
Event: 14.995 GC heap before
{Heap before GC invocations=4 (full 0):
 PSYoungGen      total 18432K, used 18416K [0x00000000eab00000, 0x00000000ecf00000, 0x0000000100000000)
  eden space 17408K, 100% used [0x00000000eab00000,0x00000000ebc00000,0x00000000ebc00000)
  from space 1024K, 98% used [0x00000000ebc00000,0x00000000ebcfc028,0x00000000ebd00000)
  to   space 1024K, 0% used [0x00000000ece00000,0x00000000ece00000,0x00000000ecf00000)
 ParOldGen       total 22016K, used 4120K [0x00000000c0000000, 0x00000000c1580000, 0x00000000eab00000)
  object space 22016K, 18% used [0x00000000c0000000,0x00000000c0406170,0x00000000c1580000)
 Metaspace       used 6010K, capacity 7024K, committed 7296K, reserved 1056768K
  class space    used 568K, capacity 616K, committed 640K, reserved 1048576K
Event: 16.100 GC heap after
Heap after GC invocations=4 (full 0):
 PSYoungGen      total 35840K, used 992K [0x00000000eab00000, 0x00000000ecf00000, 0x0000000100000000)
  eden space 34816K, 0% used [0x00000000eab00000,0x00000000eab00000,0x00000000ecd00000)
  from space 1024K, 96% used [0x00000000ece00000,0x00000000ecef8028,0x00000000ecf00000)
  to   space 1024K, 0% used [0x00000000ecd00000,0x00000000ecd00000,0x00000000ece00000)
 ParOldGen       total 22016K, used 6881K [0x00000000c0000000, 0x00000000c1580000, 0x00000000eab00000)
  object space 22016K, 31% used [0x00000000c0000000,0x00000000c06b86b0,0x00000000c1580000)
 Metaspace       used 6010K, capacity 7024K, committed 7296K, reserved 1056768K
  class space    used 568K, capacity 616K, committed 640K, reserved 1048576K
}
Event: 22.048 GC heap before
{Heap before GC invocations=5 (full 0):
 PSYoungGen      total 35840K, used 35808K [0x00000000eab00000, 0x00000000ecf00000, 0x0000000100000000)
  eden space 34816K, 100% used [0x00000000eab00000,0x00000000ecd00000,0x00000000ecd00000)
  from space 1024K, 96% used [0x00000000ece00000,0x00000000ecef8028,0x00000000ecf00000)
  to   space 1024K, 0% used [0x00000000ecd00000,0x00000000ecd00000,0x00000000ece00000)
 ParOldGen       total 22016K, used 6881K [0x00000000c0000000, 0x00000000c1580000, 0x00000000eab00000)
  object space 22016K, 31% used [0x00000000c0000000,0x00000000c06b86b0,0x00000000c1580000)
 Metaspace       used 6122K, capacity 7152K, committed 7296K, reserved 1056768K
  class space    used 568K, capacity 616K, committed 640K, reserved 1048576K
Event: 22.501 GC heap after
Heap after GC invocations=5 (full 0):
 PSYoungGen      total 35840K, used 1024K [0x00000000eab00000, 0x00000000efe00000, 0x0000000100000000)
  eden space 34816K, 0% used [0x00000000eab00000,0x00000000eab00000,0x00000000ecd00000)
  from space 1024K, 100% used [0x00000000ecd00000,0x00000000ece00000,0x00000000ece00000)
  to   space 7680K, 0% used [0x00000000ef680000,0x00000000ef680000,0x00000000efe00000)
 ParOldGen       total 22016K, used 12177K [0x00000000c0000000, 0x00000000c1580000, 0x00000000eab00000)
  object space 22016K, 55% used [0x00000000c0000000,0x00000000c0be45a0,0x00000000c1580000)
 Metaspace       used 6122K, capacity 7152K, committed 7296K, reserved 1056768K
  class space    used 568K, capacity 616K, committed 640K, reserved 1048576K
}
Event: 44.208 GC heap before
{Heap before GC invocations=6 (full 0):
 PSYoungGen      total 35840K, used 35840K [0x00000000eab00000, 0x00000000efe00000, 0x0000000100000000)
  eden space 34816K, 100% used [0x00000000eab00000,0x00000000ecd00000,0x00000000ecd00000)
  from space 1024K, 100% used [0x00000000ecd00000,0x00000000ece00000,0x00000000ece00000)
  to   space 7680K, 0% used [0x00000000ef680000,0x00000000ef680000,0x00000000efe00000)
 ParOldGen       total 22016K, used 12177K [0x00000000c0000000, 0x00000000c1580000, 0x00000000eab00000)
  object space 22016K, 55% used [0x00000000c0000000,0x00000000c0be45a0,0x00000000c1580000)
 Metaspace       used 6192K, capacity 7152K, committed 7296K, reserved 1056768K
  class space    used 569K, capacity 616K, committed 640K, reserved 1048576K
Event: 44.675 GC heap after
Heap after GC invocations=6 (full 0):
 PSYoungGen      total 75776K, used 7248K [0x00000000eab00000, 0x00000000f0100000, 0x0000000100000000)
  eden space 68096K, 0% used [0x00000000eab00000,0x00000000eab00000,0x00000000eed80000)
  from space 7680K, 94% used [0x00000000ef680000,0x00000000efd94020,0x00000000efe00000)
  to   space 9216K, 0% used [0x00000000eed80000,0x00000000eed80000,0x00000000ef680000)
 ParOldGen       total 22016K, used 12177K [0x00000000c0000000, 0x00000000c1580000, 0x00000000eab00000)
  object space 22016K, 55% used [0x00000000c0000000,0x00000000c0be45a0,0x00000000c1580000)
 Metaspace       used 6192K, capacity 7152K, committed 7296K, reserved 1056768K
  class space    used 569K, capacity 616K, committed 640K, reserved 1048576K
}
Event: 67.712 GC heap before
{Heap before GC invocations=7 (full 0):
 PSYoungGen      total 75776K, used 75344K [0x00000000eab00000, 0x00000000f0100000, 0x0000000100000000)
  eden space 68096K, 100% used [0x00000000eab00000,0x00000000eed80000,0x00000000eed80000)
  from space 7680K, 94% used [0x00000000ef680000,0x00000000efd94020,0x00000000efe00000)
  to   space 9216K, 0% used [0x00000000eed80000,0x00000000eed80000,0x00000000ef680000)
 ParOldGen       total 22016K, used 12177K [0x00000000c0000000, 0x00000000c1580000, 0x00000000eab00000)
  object space 22016K, 55% used [0x00000000c0000000,0x00000000c0be45a0,0x00000000c1580000)
 Metaspace       used 6247K, capacity 7216K, committed 7296K, reserved 1056768K
  class space    used 569K, capacity 616K, committed 640K, reserved 1048576K
Event: 68.094 GC heap after
Heap after GC invocations=7 (full 0):
 PSYoungGen      total 77312K, used 9214K [0x00000000eab00000, 0x00000000f4e00000, 0x0000000100000000)
  eden space 68096K, 0% used [0x00000000eab00000,0x00000000eab00000,0x00000000eed80000)
  from space 9216K, 99% used [0x00000000eed80000,0x00000000ef67f948,0x00000000ef680000)
  to   space 15360K, 0% used [0x00000000f3f00000,0x00000000f3f00000,0x00000000f4e00000)
 ParOldGen       total 22016K, used 20624K [0x00000000c0000000, 0x00000000c1580000, 0x00000000eab00000)
  object space 22016K, 93% used [0x00000000c0000000,0x00000000c1424330,0x00000000c1580000)
 Metaspace       used 6247K, capacity 7216K, committed 7296K, reserved 1056768K
  class space    used 569K, capacity 616K, committed 640K, reserved 1048576K
}
Event: 68.095 GC heap before
{Heap before GC invocations=8 (full 1):
 PSYoungGen      total 77312K, used 9214K [0x00000000eab00000, 0x00000000f4e00000, 0x0000000100000000)
  eden space 68096K, 0% used [0x00000000eab00000,0x00000000eab00000,0x00000000eed80000)
  from space 9216K, 99% used [0x00000000eed80000,0x00000000ef67f948,0x00000000ef680000)
  to   space 15360K, 0% used [0x00000000f3f00000,0x00000000f3f00000,0x00000000f4e00000)
 ParOldGen       total 22016K, used 20624K [0x00000000c0000000, 0x00000000c1580000, 0x00000000eab00000)
  object space 22016K, 93% used [0x00000000c0000000,0x00000000c1424330,0x00000000c1580000)
 Metaspace       used 6247K, capacity 7216K, committed 7296K, reserved 1056768K
  class space    used 569K, capacity 616K, committed 640K, reserved 1048576K
Event: 69.335 GC heap after
Heap after GC invocations=8 (full 1):
 PSYoungGen      total 77312K, used 6634K [0x00000000eab00000, 0x00000000f4e00000, 0x0000000100000000)
  eden space 68096K, 0% used [0x00000000eab00000,0x00000000eab00000,0x00000000eed80000)
  from space 9216K, 71% used [0x00000000eed80000,0x00000000ef3faaf0,0x00000000ef680000)
  to   space 15360K, 0% used [0x00000000f3f00000,0x00000000f3f00000,0x00000000f4e00000)
 ParOldGen       total 40960K, used 21772K [0x00000000c0000000, 0x00000000c2800000, 0x00000000eab00000)
  object space 40960K, 53% used [0x00000000c0000000,0x00000000c1543000,0x00000000c2800000)
 Metaspace       used 6247K, capacity 7216K, committed 7296K, reserved 1056768K
  class space    used 569K, capacity 616K, committed 640K, reserved 1048576K
}

Deoptimization events (10 events):
Event: 53.186 Thread 0x000000005675b000 Uncommon trap: reason=class_check action=maybe_recompile pc=0x0000000002fc6740 method=com.android.dx.ssa.back.FirstFitLocalCombiningAllocator.findNextUnreservedRopReg(IILcom/android/dx/ssa/back/FirstFitLocalCombiningAllocator$Alignment;)I @ 60
Event: 53.186 Thread 0x000000005675b000 Uncommon trap: reason=class_check action=maybe_recompile pc=0x0000000002fc6740 method=com.android.dx.ssa.back.FirstFitLocalCombiningAllocator.findNextUnreservedRopReg(IILcom/android/dx/ssa/back/FirstFitLocalCombiningAllocator$Alignment;)I @ 60
Event: 53.187 Thread 0x000000005675b000 Uncommon trap: reason=class_check action=maybe_recompile pc=0x0000000002fc6740 method=com.android.dx.ssa.back.FirstFitLocalCombiningAllocator.findNextUnreservedRopReg(IILcom/android/dx/ssa/back/FirstFitLocalCombiningAllocator$Alignment;)I @ 60
Event: 53.187 Thread 0x000000005675b000 Uncommon trap: reason=class_check action=maybe_recompile pc=0x0000000002fc6740 method=com.android.dx.ssa.back.FirstFitLocalCombiningAllocator.findNextUnreservedRopReg(IILcom/android/dx/ssa/back/FirstFitLocalCombiningAllocator$Alignment;)I @ 60
Event: 53.188 Thread 0x000000005675b000 Uncommon trap: reason=class_check action=maybe_recompile pc=0x000000000304d680 method=com.android.dx.ssa.back.FirstFitLocalCombiningAllocator.findNextUnreservedRopReg(IILcom/android/dx/ssa/back/FirstFitLocalCombiningAllocator$Alignment;)I @ 60
Event: 53.229 Thread 0x000000005675b000 Uncommon trap: reason=bimorphic action=maybe_recompile pc=0x0000000002ed64dc method=com.android.dx.ssa.SCCP.simulatePhi(Lcom/android/dx/ssa/PhiInsn;)V @ 124
Event: 53.229 Thread 0x000000005675b000 Uncommon trap: reason=bimorphic action=maybe_recompile pc=0x0000000002d8b5e8 method=com.android.dx.ssa.LiteralOpUpgrader.tryReplacingWithConstant(Lcom/android/dx/ssa/NormalSsaInsn;)Z @ 62
Event: 58.491 Thread 0x0000000056772800 Uncommon trap: reason=bimorphic action=maybe_recompile pc=0x0000000002ed64dc method=com.android.dx.ssa.SCCP.simulatePhi(Lcom/android/dx/ssa/PhiInsn;)V @ 124
Event: 58.492 Thread 0x0000000056772800 Uncommon trap: reason=bimorphic action=maybe_recompile pc=0x0000000002ed64dc method=com.android.dx.ssa.SCCP.simulatePhi(Lcom/android/dx/ssa/PhiInsn;)V @ 124
Event: 66.607 Thread 0x000000000229d800 Uncommon trap: reason=unloaded action=reinterpret pc=0x0000000002d59878 method=com.android.dx.cf.cst.ConstantPoolParser.parse0(ILjava/util/BitSet;)Lcom/android/dx/rop/cst/Constant; @ 220

Internal exceptions (5 events):
Event: 0.654 Thread 0x000000000229d800 Exception <a 'java/lang/NoSuchMethodError': Method sun.misc.Unsafe.defineClass(Ljava/lang/String;[BII)Ljava/lang/Class; name or signature does not match> (0x00000000eab07c78) thrown at [C:\src\android\AOSP-openjdk\external\jetbrains\jdk\hotspot\src\share\vÚ¡^ùíä?
Event: 0.654 Thread 0x000000000229d800 Exception <a 'java/lang/NoSuchMethodError': Method sun.misc.Unsafe.prefetchRead(Ljava/lang/Object;J)V name or signature does not match> (0x00000000eab07f60) thrown at [C:\src\android\AOSP-openjdk\external\jetbrains\jdk\hotspot\src\share\vm\prims\jni.cpp, l·›ÕCÃ
3@
Event: 19.042 Thread 0x000000005686e800 Implicit null exception at 0x0000000002eb7f3a to 0x0000000002eb9fc5
Event: 22.570 Thread 0x000000005675b000 Implicit null exception at 0x0000000002f7f688 to 0x0000000002f83fc9
Event: 23.185 Thread 0x000000005675b000 Implicit null exception at 0x0000000002d69b92 to 0x0000000002d69c82

Events (10 events):
Event: 58.491 Thread 0x0000000056772800 DEOPT PACKING pc=0x0000000002ed64dc sp=0x0000000057fdeaa0
Event: 58.491 Thread 0x0000000056772800 DEOPT UNPACKING pc=0x000000000281556a sp=0x0000000057fdea68 mode 2
Event: 58.491 Thread 0x0000000056772800 Uncommon trap: trap_request=0xffffffc6 fr.pc=0x0000000002ed64dc
Event: 58.492 Thread 0x0000000056772800 DEOPT PACKING pc=0x0000000002ed64dc sp=0x0000000057fdeaa0
Event: 58.492 Thread 0x0000000056772800 DEOPT UNPACKING pc=0x000000000281556a sp=0x0000000057fdea68 mode 2
Event: 66.607 Thread 0x000000000229d800 Uncommon trap: trap_request=0x000000d4 fr.pc=0x0000000002d59878
Event: 66.608 Thread 0x000000000229d800 DEOPT PACKING pc=0x0000000002d59878 sp=0x00000000023ce7f0
Event: 66.608 Thread 0x000000000229d800 DEOPT UNPACKING pc=0x000000000281556a sp=0x00000000023ce7a0 mode 2
Event: 67.712 Executing VM operation: ParallelGCFailedAllocation
Event: 69.335 Executing VM operation: ParallelGCFailedAllocation done


Dynamic libraries:
0x000000013f4f0000 - 0x000000013f521000 	C:\Program Files\Android\Android Studio1\jre\bin\java.exe
0x0000000076d70000 - 0x0000000076f1c000 	C:\Windows\SYSTEM32\ntdll.dll
0x0000000076b50000 - 0x0000000076c6f000 	C:\Windows\system32\kernel32.dll
0x000007fefd030000 - 0x000007fefd09c000 	C:\Windows\system32\KERNELBASE.dll
0x000007fefee80000 - 0x000007fefef5b000 	C:\Windows\system32\ADVAPI32.dll
0x000007fefe4e0000 - 0x000007fefe57f000 	C:\Windows\system32\msvcrt.dll
0x000007fefed60000 - 0x000007fefed7f000 	C:\Windows\SYSTEM32\sechost.dll
0x000007fefeb90000 - 0x000007fefecbe000 	C:\Windows\system32\RPCRT4.dll
0x0000000076c70000 - 0x0000000076d6a000 	C:\Windows\system32\USER32.dll
0x000007fefd1b0000 - 0x000007fefd217000 	C:\Windows\system32\GDI32.dll
0x000007fefed90000 - 0x000007fefed9e000 	C:\Windows\system32\LPK.dll
0x000007fefd4e0000 - 0x000007fefd5aa000 	C:\Windows\system32\USP10.dll
0x000007fefb4f0000 - 0x000007fefb6e4000 	C:\Windows\WinSxS\amd64_microsoft.windows.common-controls_6595b64144ccf1df_6.0.7600.16661_none_fa62ad231704eab7\COMCTL32.dll
0x000007fefefb0000 - 0x000007feff021000 	C:\Windows\system32\SHLWAPI.dll
0x000007fefd4b0000 - 0x000007fefd4de000 	C:\Windows\system32\IMM32.DLL
0x000007fefd0a0000 - 0x000007fefd1a9000 	C:\Windows\system32\MSCTF.dll
0x000000006ac60000 - 0x000000006ad32000 	C:\Program Files\Android\Android Studio1\jre\jre\bin\msvcr100.dll
0x000000005bea0000 - 0x000000005c6dc000 	C:\Program Files\Android\Android Studio1\jre\jre\bin\server\jvm.dll
0x000007fef6590000 - 0x000007fef6599000 	C:\Windows\system32\WSOCK32.dll
0x000007feff030000 - 0x000007feff07d000 	C:\Windows\system32\WS2_32.dll
0x000007fefed80000 - 0x000007fefed88000 	C:\Windows\system32\NSI.dll
0x000007fef9130000 - 0x000007fef916b000 	C:\Windows\system32\WINMM.dll
0x000007fefbe40000 - 0x000007fefbe4c000 	C:\Windows\system32\VERSION.dll
0x0000000076f40000 - 0x0000000076f47000 	C:\Windows\system32\PSAPI.DLL
0x000007fef6700000 - 0x000007fef670f000 	C:\Program Files\Android\Android Studio1\jre\jre\bin\verify.dll
0x000007fef2580000 - 0x000007fef25a9000 	C:\Program Files\Android\Android Studio1\jre\jre\bin\java.dll
0x000007fef2e30000 - 0x000007fef2e46000 	C:\Program Files\Android\Android Studio1\jre\jre\bin\zip.dll
0x000007fefd750000 - 0x000007fefe4d7000 	C:\Windows\system32\SHELL32.dll
0x000007fefd2a0000 - 0x000007fefd4a2000 	C:\Windows\system32\ole32.dll
0x000007fefccd0000 - 0x000007fefccdf000 	C:\Windows\system32\profapi.dll

VM Arguments:
jvm_args: -Djava.awt.headless=true -Xmx1024M -Dfile.encoding=windows-1256 -Duser.country=US -Duser.language=en -Duser.variant 
java_command: com.android.dx.command.Main --dex --num-threads=4 --output E:\BakingTimenew\app\build\intermediates\pre-dexed\debug\com.android.support-support-compat-25.3.1_3dbfbb5c20251376c11c3459c7555d44cbb7903d.jar E:\BakingTimenew\app\build\intermediates\exploded-aar\com.android.support\support-compat\25.3.1\jars\classes.jar
java_class_path (initial): C:\Users\007\AppData\Local\Android\sdk\build-tools\25.0.2\lib\dx.jar
Launcher Type: SUN_STANDARD

Environment Variables:
PATH=E:\OraHome_2\bin;E:\OraHome_2\Mobile\Server\bin;E:\OraHome_1\bin;E:\OraHome_1\Mobile\Server\bin;D:\OraHome_1\bin;D:\OraHome_1\Mobile\Server\bin;D:\OraHome_3\bin;D:\OraHome_3\Mobile\Server\bin;D:\OraHome_2\bin;D:\OraHome_2\Mobile\Server\bin;c:\Windows\system32\WindowsPowershell\v1.0\ ;C:\Program Files\Java\jdk1.8.0_91\bin;
USERNAME=007
OS=Windows_NT
PROCESSOR_IDENTIFIER=Intel64 Family 6 Model 42 Stepping 7, GenuineIntel



---------------  S Y S T E M  ---------------

OS: Windows 7 , 64 bit Build 7600 (6.1.7600.17135)

CPU:total 4 (2 cores per cpu, 2 threads per core) family 6 model 42 stepping 7, cmov, cx8, fxsr, mmx, sse, sse2, sse3, ssse3, sse4.1, sse4.2, popcnt, clmul, ht, tsc, tscinvbit

Memory: 4k page, physical 1967472k(73160k free), swap 4917616k(4952k free)

vm_info: OpenJDK 64-Bit Server VM (25.112-b06) for windows-amd64 JRE (1.8.0_112-release-b06), built on Dec  8 2016 00:54:26 by "builder" with MS VC++ 10.0 (VS2010)

time: Fri Sep 15 00:55:40 2017
elapsed time: 74 seconds (0d 0h 1m 14s)

