#
# There is insufficient memory for the Java Runtime Environment to continue.
# Native memory allocation (malloc) failed to allocate 65552 bytes for Chunk::new
# Possible reasons:
#   The system is out of physical RAM or swap space
#   In 32 bit mode, the process size limit was hit
# Possible solutions:
#   Reduce memory load on the system
#   Increase physical memory or swap space
#   Check if swap backing store is full
#   Use 64 bit Java on a 64 bit OS
#   Decrease Java heap size (-Xmx/-Xms)
#   Decrease number of Java threads
#   Decrease Java thread stack sizes (-Xss)
#   Set larger code cache with -XX:ReservedCodeCacheSize=
# This output file may be truncated or incomplete.
#
#  Out of Memory Error (allocation.cpp:390), pid=93272, tid=0x0000000000016e40
#
# JRE version: OpenJDK Runtime Environment (8.0_112-b06) (build 1.8.0_112-release-b06)
# Java VM: OpenJDK 64-Bit Server VM (25.112-b06 mixed mode windows-amd64 compressed oops)
# Failed to write core dump. Minidumps are not enabled by default on client versions of Windows
#

---------------  T H R E A D  ---------------

Current thread (0x0000000056750800):  JavaThread "C2 CompilerThread0" daemon [_thread_in_native, id=93760, stack(0x0000000056df0000,0x0000000056ef0000)]

Stack: [0x0000000056df0000,0x0000000056ef0000]
[error occurred during error reporting (printing stack bounds), id 0xc0000005]

Native frames: (J=compiled Java code, j=interpreted, Vv=VM code, C=native code)


Current CompileTask:
C2:  66454 2304       4      
[error occurred during error reporting (printing current compile task), id 0xe0000001]


---------------  P R O C E S S  ---------------

Java Threads: ( => current thread )
  0x0000000057598800 JavaThread "pool-1-thread-4" [_thread_blocked, id=93196, stack(0x00000000581e0000,0x00000000582e0000)]
  0x0000000057589800 JavaThread "pool-1-thread-3" [_thread_in_vm, id=93088, stack(0x0000000057200000,0x0000000057300000)]
  0x000000005757d800 JavaThread "pool-1-thread-2" [_thread_in_vm, id=92616, stack(0x00000000580c0000,0x00000000581c0000)]
  0x0000000056b14000 JavaThread "pool-2-thread-1" [_thread_blocked, id=92408, stack(0x0000000057f90000,0x0000000058090000)]
  0x0000000056b10800 JavaThread "pool-1-thread-1" [_thread_blocked, id=91112, stack(0x0000000057d50000,0x0000000057e50000)]
  0x00000000567bc000 JavaThread "Service Thread" daemon [_thread_blocked, id=93908, stack(0x0000000057320000,0x0000000057420000)]
  0x00000000567bb000 JavaThread "C1 CompilerThread2" daemon [_thread_in_vm, id=93780, stack(0x00000000570a0000,0x00000000571a0000)]
  0x0000000056758800 JavaThread "C2 CompilerThread1" daemon [_thread_in_vm, id=93764, stack(0x0000000056f40000,0x0000000057040000)]
=>0x0000000056750800 JavaThread "C2 CompilerThread0" daemon [_thread_in_native, id=93760, stack(0x0000000056df0000,0x0000000056ef0000)]
  0x000000005514c800 JavaThread "Attach Listener" daemon [_thread_blocked, id=93704, stack(0x0000000056be0000,0x0000000056ce0000)]
  0x000000005514b800 JavaThread "Signal Dispatcher" daemon [_thread_blocked, id=93700, stack(0x0000000056150000,0x0000000056250000)]
  0x0000000055123800 JavaThread "Finalizer" daemon [_thread_blocked, id=93864, stack(0x0000000056650000,0x0000000056750000)]
  0x00000000550e2000 JavaThread "Reference Handler" daemon [_thread_blocked, id=93776, stack(0x0000000056490000,0x0000000056590000)]
  0x00000000004ad800 JavaThread "main" [_thread_blocked, id=92396, stack(0x0000000002660000,0x0000000002760000)]

Other Threads:
  0x00000000550da800 VMThread [stack: 0x00000000562b0000,0x00000000563b0000] [id=93692]
  0x00000000567bf800 WatcherThread [stack: 0x0000000057420000,0x0000000057520000] [id=93604]

VM state:synchronizing (normal execution)

VM Mutex/Monitor currently owned by a thread:  ([mutex/lock_event])
[0x00000000004ac000] Threads_lock - owner thread: 0x00000000550da800

Heap:
 PSYoungGen      total 111616K, used 49086K [0x00000000eab00000, 0x00000000f4f00000, 0x0000000100000000)
  eden space 96256K, 35% used [0x00000000eab00000,0x00000000ecbf0020,0x00000000f0900000)
  from space 15360K, 99% used [0x00000000f4000000,0x00000000f4eff8d8,0x00000000f4f00000)
  to   space 19456K, 0% used [0x00000000f2900000,0x00000000f2900000,0x00000000f3c00000)
 ParOldGen       total 45056K, used 24845K [0x00000000c0000000, 0x00000000c2c00000, 0x00000000eab00000)
  object space 45056K, 55% used [0x00000000c0000000,0x00000000c18434e8,0x00000000c2c00000)
 Metaspace       used 6527K, capacity 7218K, committed 7296K, reserved 1056768K
  class space    used 599K, capacity 618K, committed 640K, reserved 1048576K

Card table byte_map: [0x0000000011df0000,0x0000000012000000] byte_map_base: 0x00000000117f0000

Marking Bits: (ParMarkBitMap*) 0x000000005c6618f0
 Begin Bits: [0x0000000012550000, 0x0000000013550000)
 End Bits:   [0x0000000013550000, 0x0000000014550000)

Polling page: 0x0000000000130000

CodeCache: size=245760Kb used=11149Kb max_used=12044Kb free=234610Kb
 bounds [0x0000000002a30000, 0x0000000003610000, 0x0000000011a30000]
 total_blobs=2273 nmethods=2007 adapters=180
 compilation: enabled

Compilation events (10 events):
Event: 64.166 Thread 0x0000000056758800 nmethod 2303% 0x0000000002cd3b90 code [0x0000000002cd3dc0, 0x0000000002cd5050]
Event: 64.488 Thread 0x0000000056750800 2304       4       com.android.dx.dex.cf.CfTranslator::translate0 (259 bytes)
Event: 64.491 Thread 0x0000000056758800 2305 %     4       java.lang.String::lastIndexOf @ 62 (151 bytes)
Event: 64.501 Thread 0x0000000056758800 nmethod 2305% 0x0000000002b38790 code [0x0000000002b388e0, 0x0000000002b38cd8]
Event: 64.676 Thread 0x0000000056758800 2306 %     4       com.android.dx.cf.cst.ConstantPoolParser::parse @ 96 (365 bytes)
Event: 64.683 Thread 0x0000000056758800 nmethod 2306% 0x0000000002c63910 code [0x0000000002c63a80, 0x0000000002c63c88]
Event: 65.043 Thread 0x0000000056758800 2307 % !   4       com.android.dx.cf.cst.ConstantPoolParser::determineOffsets @ 5 (285 bytes)
Event: 65.060 Thread 0x0000000056758800 nmethod 2307% 0x0000000002bf9590 code [0x0000000002bf9860, 0x0000000002bf9db8]
Event: 65.638 Thread 0x0000000056758800 2308       4       com.android.dx.ssa.PhiTypeResolver::run (179 bytes)
Event: 65.648 Thread 0x00000000567bb000 2309       3       com.android.dx.rop.code.RegisterSpecList::withoutLast (60 bytes)

GC Heap History (10 events):
Event: 24.533 GC heap before
{Heap before GC invocations=5 (full 0):
 PSYoungGen      total 35840K, used 35824K [0x00000000eab00000, 0x00000000ecf00000, 0x0000000100000000)
  eden space 34816K, 100% used [0x00000000eab00000,0x00000000ecd00000,0x00000000ecd00000)
  from space 1024K, 98% used [0x00000000ece00000,0x00000000ecefc038,0x00000000ecf00000)
  to   space 1024K, 0% used [0x00000000ecd00000,0x00000000ecd00000,0x00000000ece00000)
 ParOldGen       total 22016K, used 6576K [0x00000000c0000000, 0x00000000c1580000, 0x00000000eab00000)
  object space 22016K, 29% used [0x00000000c0000000,0x00000000c066c160,0x00000000c1580000)
 Metaspace       used 6267K, capacity 7152K, committed 7296K, reserved 1056768K
  class space    used 580K, capacity 616K, committed 640K, reserved 1048576K
Event: 24.741 GC heap after
Heap after GC invocations=5 (full 0):
 PSYoungGen      total 35840K, used 992K [0x00000000eab00000, 0x00000000efe00000, 0x0000000100000000)
  eden space 34816K, 0% used [0x00000000eab00000,0x00000000eab00000,0x00000000ecd00000)
  from space 1024K, 96% used [0x00000000ecd00000,0x00000000ecdf8028,0x00000000ece00000)
  to   space 7680K, 0% used [0x00000000ef680000,0x00000000ef680000,0x00000000efe00000)
 ParOldGen       total 22016K, used 12227K [0x00000000c0000000, 0x00000000c1580000, 0x00000000eab00000)
  object space 22016K, 55% used [0x00000000c0000000,0x00000000c0bf0d30,0x00000000c1580000)
 Metaspace       used 6267K, capacity 7152K, committed 7296K, reserved 1056768K
  class space    used 580K, capacity 616K, committed 640K, reserved 1048576K
}
Event: 31.492 GC heap before
{Heap before GC invocations=6 (full 0):
 PSYoungGen      total 35840K, used 35808K [0x00000000eab00000, 0x00000000efe00000, 0x0000000100000000)
  eden space 34816K, 100% used [0x00000000eab00000,0x00000000ecd00000,0x00000000ecd00000)
  from space 1024K, 96% used [0x00000000ecd00000,0x00000000ecdf8028,0x00000000ece00000)
  to   space 7680K, 0% used [0x00000000ef680000,0x00000000ef680000,0x00000000efe00000)
 ParOldGen       total 22016K, used 12227K [0x00000000c0000000, 0x00000000c1580000, 0x00000000eab00000)
  object space 22016K, 55% used [0x00000000c0000000,0x00000000c0bf0d30,0x00000000c1580000)
 Metaspace       used 6311K, capacity 7152K, committed 7296K, reserved 1056768K
  class space    used 580K, capacity 616K, committed 640K, reserved 1048576K
Event: 31.517 GC heap after
Heap after GC invocations=6 (full 0):
 PSYoungGen      total 76288K, used 6272K [0x00000000eab00000, 0x00000000f0000000, 0x0000000100000000)
  eden space 68608K, 0% used [0x00000000eab00000,0x00000000eab00000,0x00000000eee00000)
  from space 7680K, 81% used [0x00000000ef680000,0x00000000efca0028,0x00000000efe00000)
  to   space 8704K, 0% used [0x00000000eee00000,0x00000000eee00000,0x00000000ef680000)
 ParOldGen       total 22016K, used 12235K [0x00000000c0000000, 0x00000000c1580000, 0x00000000eab00000)
  object space 22016K, 55% used [0x00000000c0000000,0x00000000c0bf2d30,0x00000000c1580000)
 Metaspace       used 6311K, capacity 7152K, committed 7296K, reserved 1056768K
  class space    used 580K, capacity 616K, committed 640K, reserved 1048576K
}
Event: 39.146 GC heap before
{Heap before GC invocations=7 (full 0):
 PSYoungGen      total 76288K, used 74880K [0x00000000eab00000, 0x00000000f0000000, 0x0000000100000000)
  eden space 68608K, 100% used [0x00000000eab00000,0x00000000eee00000,0x00000000eee00000)
  from space 7680K, 81% used [0x00000000ef680000,0x00000000efca0028,0x00000000efe00000)
  to   space 8704K, 0% used [0x00000000eee00000,0x00000000eee00000,0x00000000ef680000)
 ParOldGen       total 22016K, used 12235K [0x00000000c0000000, 0x00000000c1580000, 0x00000000eab00000)
  object space 22016K, 55% used [0x00000000c0000000,0x00000000c0bf2d30,0x00000000c1580000)
 Metaspace       used 6505K, capacity 7218K, committed 7296K, reserved 1056768K
  class space    used 599K, capacity 618K, committed 640K, reserved 1048576K
Event: 39.499 GC heap after
Heap after GC invocations=7 (full 0):
 PSYoungGen      total 77312K, used 8691K [0x00000000eab00000, 0x00000000f4f00000, 0x0000000100000000)
  eden space 68608K, 0% used [0x00000000eab00000,0x00000000eab00000,0x00000000eee00000)
  from space 8704K, 99% used [0x00000000eee00000,0x00000000ef67ceb0,0x00000000ef680000)
  to   space 15360K, 0% used [0x00000000f4000000,0x00000000f4000000,0x00000000f4f00000)
 ParOldGen       total 22016K, used 21546K [0x00000000c0000000, 0x00000000c1580000, 0x00000000eab00000)
  object space 22016K, 97% used [0x00000000c0000000,0x00000000c150a958,0x00000000c1580000)
 Metaspace       used 6505K, capacity 7218K, committed 7296K, reserved 1056768K
  class space    used 599K, capacity 618K, committed 640K, reserved 1048576K
}
Event: 39.499 GC heap before
{Heap before GC invocations=8 (full 1):
 PSYoungGen      total 77312K, used 8691K [0x00000000eab00000, 0x00000000f4f00000, 0x0000000100000000)
  eden space 68608K, 0% used [0x00000000eab00000,0x00000000eab00000,0x00000000eee00000)
  from space 8704K, 99% used [0x00000000eee00000,0x00000000ef67ceb0,0x00000000ef680000)
  to   space 15360K, 0% used [0x00000000f4000000,0x00000000f4000000,0x00000000f4f00000)
 ParOldGen       total 22016K, used 21546K [0x00000000c0000000, 0x00000000c1580000, 0x00000000eab00000)
  object space 22016K, 97% used [0x00000000c0000000,0x00000000c150a958,0x00000000c1580000)
 Metaspace       used 6505K, capacity 7218K, committed 7296K, reserved 1056768K
  class space    used 599K, capacity 618K, committed 640K, reserved 1048576K
Event: 44.830 GC heap after
Heap after GC invocations=8 (full 1):
 PSYoungGen      total 77312K, used 7617K [0x00000000eab00000, 0x00000000f4f00000, 0x0000000100000000)
  eden space 68608K, 0% used [0x00000000eab00000,0x00000000eab00000,0x00000000eee00000)
  from space 8704K, 87% used [0x00000000eee00000,0x00000000ef5704b8,0x00000000ef680000)
  to   space 15360K, 0% used [0x00000000f4000000,0x00000000f4000000,0x00000000f4f00000)
 ParOldGen       total 45056K, used 21667K [0x00000000c0000000, 0x00000000c2c00000, 0x00000000eab00000)
  object space 45056K, 48% used [0x00000000c0000000,0x00000000c1528c48,0x00000000c2c00000)
 Metaspace       used 6505K, capacity 7218K, committed 7296K, reserved 1056768K
  class space    used 599K, capacity 618K, committed 640K, reserved 1048576K
}
Event: 58.779 GC heap before
{Heap before GC invocations=9 (full 1):
 PSYoungGen      total 77312K, used 76225K [0x00000000eab00000, 0x00000000f4f00000, 0x0000000100000000)
  eden space 68608K, 100% used [0x00000000eab00000,0x00000000eee00000,0x00000000eee00000)
  from space 8704K, 87% used [0x00000000eee00000,0x00000000ef5704b8,0x00000000ef680000)
  to   space 15360K, 0% used [0x00000000f4000000,0x00000000f4000000,0x00000000f4f00000)
 ParOldGen       total 45056K, used 21667K [0x00000000c0000000, 0x00000000c2c00000, 0x00000000eab00000)
  object space 45056K, 48% used [0x00000000c0000000,0x00000000c1528c48,0x00000000c2c00000)
 Metaspace       used 6525K, capacity 7218K, committed 7296K, reserved 1056768K
  class space    used 599K, capacity 618K, committed 640K, reserved 1048576K
Event: 58.966 GC heap after
Heap after GC invocations=9 (full 1):
 PSYoungGen      total 111616K, used 15358K [0x00000000eab00000, 0x00000000f4f00000, 0x0000000100000000)
  eden space 96256K, 0% used [0x00000000eab00000,0x00000000eab00000,0x00000000f0900000)
  from space 15360K, 99% used [0x00000000f4000000,0x00000000f4eff8d8,0x00000000f4f00000)
  to   space 19456K, 0% used [0x00000000f2900000,0x00000000f2900000,0x00000000f3c00000)
 ParOldGen       total 45056K, used 24845K [0x00000000c0000000, 0x00000000c2c00000, 0x00000000eab00000)
  object space 45056K, 55% used [0x00000000c0000000,0x00000000c18434e8,0x00000000c2c00000)
 Metaspace       used 6525K, capacity 7218K, committed 7296K, reserved 1056768K
  class space    used 599K, capacity 618K, committed 640K, reserved 1048576K
}

Deoptimization events (10 events):
Event: 47.059 Thread 0x0000000057598800 Uncommon trap: reason=unstable_if action=reinterpret pc=0x00000000030eff78 method=java.util.HashMap.resize()[Ljava/util/HashMap$Node; @ 206
Event: 47.458 Thread 0x0000000057589800 Uncommon trap: reason=class_check action=maybe_recompile pc=0x0000000003439630 method=com.android.dx.ssa.PhiTypeResolver.run()V @ 151
Event: 48.732 Thread 0x000000005757d800 Uncommon trap: reason=unstable_if action=reinterpret pc=0x000000000343902c method=com.android.dx.ssa.PhiTypeResolver.resolveResultType(Lcom/android/dx/ssa/PhiInsn;)Z @ 47
Event: 49.395 Thread 0x0000000057598800 Uncommon trap: reason=bimorphic action=maybe_recompile pc=0x000000000324eecc method=com.android.dx.cf.code.Merger.mergeType(Lcom/android/dx/rop/type/TypeBearer;Lcom/android/dx/rop/type/TypeBearer;)Lcom/android/dx/rop/type/TypeBearer; @ 28
Event: 49.395 Thread 0x0000000057598800 Uncommon trap: reason=bimorphic action=maybe_recompile pc=0x000000000324eecc method=com.android.dx.cf.code.Merger.mergeType(Lcom/android/dx/rop/type/TypeBearer;Lcom/android/dx/rop/type/TypeBearer;)Lcom/android/dx/rop/type/TypeBearer; @ 28
Event: 49.405 Thread 0x0000000057598800 Uncommon trap: reason=unstable_if action=reinterpret pc=0x000000000330a928 method=com.android.dx.cf.code.ByteCatchList.typeNotFound(Lcom/android/dx/cf/code/ByteCatchList$Item;[Lcom/android/dx/cf/code/ByteCatchList$Item;I)Z @ 26
Event: 49.405 Thread 0x0000000057598800 Uncommon trap: reason=unstable_if action=reinterpret pc=0x000000000344efc4 method=com.android.dx.cf.code.ByteCatchList.typeNotFound(Lcom/android/dx/cf/code/ByteCatchList$Item;[Lcom/android/dx/cf/code/ByteCatchList$Item;I)Z @ 26
Event: 56.537 Thread 0x0000000056b10800 Uncommon trap: reason=bimorphic action=maybe_recompile pc=0x00000000035b49f4 method=com.android.dx.cf.code.BytecodeArray.parseInstruction(ILcom/android/dx/cf/code/BytecodeArray$Visitor;)I @ 1987
Event: 56.537 Thread 0x0000000056b10800 Uncommon trap: reason=bimorphic action=maybe_recompile pc=0x00000000035b49f4 method=com.android.dx.cf.code.BytecodeArray.parseInstruction(ILcom/android/dx/cf/code/BytecodeArray$Visitor;)I @ 1987
Event: 58.554 Thread 0x000000005757d800 Uncommon trap: reason=unstable_if action=reinterpret pc=0x0000000002ca1a54 method=com.android.dx.rop.code.RegisterSpec.equals(ILcom/android/dx/rop/type/TypeBearer;Lcom/android/dx/rop/code/LocalItem;)Z @ 42

Internal exceptions (5 events):
Event: 0.774 Thread 0x00000000004ad800 Exception <a 'java/lang/NoSuchMethodError': Method sun.misc.Unsafe.defineClass(Ljava/lang/String;[BII)Ljava/lang/Class; name or signature does not match> (0x00000000eab07c78) thrown at [C:\src\android\AOSP-openjdk\external\jetbrains\jdk\hotspot\src\share\vÁ®¶ÆÄè?
Event: 0.774 Thread 0x00000000004ad800 Exception <a 'java/lang/NoSuchMethodError': Method sun.misc.Unsafe.prefetchRead(Ljava/lang/Object;J)V name or signature does not match> (0x00000000eab07f60) thrown at [C:\src\android\AOSP-openjdk\external\jetbrains\jdk\hotspot\src\share\vm\prims\jni.cpp, l
Event: 36.626 Thread 0x0000000056b10800 Exception <a 'java/lang/ArrayIndexOutOfBoundsException': 18> (0x00000000ee823b38) thrown at [C:\src\android\AOSP-openjdk\external\jetbrains\jdk\hotspot\src\share\vm\interpreter\interpreterRuntime.cpp, line 366]
Event: 36.628 Thread 0x0000000056b10800 Exception <a 'java/lang/ArrayIndexOutOfBoundsException'> (0x00000000ee8256b8) thrown at [C:\src\android\AOSP-openjdk\external\jetbrains\jdk\hotspot\src\share\vm\runtime\sharedRuntime.cpp, line 605]
Event: 36.629 Thread 0x0000000056b10800 Exception <a 'java/lang/ArrayIndexOutOfBoundsException'> (0x00000000ee8269a0) thrown at [C:\src\android\AOSP-openjdk\external\jetbrains\jdk\hotspot\src\share\vm\runtime\sharedRuntime.cpp, line 605]

Events (10 events):
Event: 63.325 Thread 0x0000000056750800 flushing nmethod 0x0000000002e0bf90
Event: 63.325 Thread 0x0000000056750800 flushing nmethod 0x0000000002e2a950
Event: 64.166 Thread 0x0000000056758800 flushing nmethod 0x0000000002e42f90
Event: 64.488 Thread 0x0000000056b10800 DEOPT PACKING pc=0x000000000312f141 sp=0x0000000057e4f0a0
Event: 64.488 Thread 0x0000000056b10800 DEOPT UNPACKING pc=0x0000000002a771bf sp=0x0000000057e4ee70 mode 0
Event: 64.502 Thread 0x0000000056758800 flushing nmethod 0x0000000002ed2dd0
Event: 64.502 Thread 0x0000000056758800 flushing nmethod 0x0000000002f105d0
Event: 64.502 Thread 0x0000000056758800 flushing nmethod 0x0000000002f1f750
Event: 65.060 Thread 0x0000000056758800 flushing nmethod 0x0000000002fde110
Event: 65.657 Thread 0x000000005757d800 Uncommon trap: trap_request=0xffffffc6 fr.pc=0x00000000035f5b0c


Dynamic libraries:
0x000000013f4f0000 - 0x000000013f521000 	C:\Program Files\Android\Android Studio1\jre\bin\java.exe
0x0000000076d70000 - 0x0000000076f1c000 	C:\Windows\SYSTEM32\ntdll.dll
0x0000000076b50000 - 0x0000000076c6f000 	C:\Windows\system32\kernel32.dll
0x000007fefd030000 - 0x000007fefd09c000 	C:\Windows\system32\KERNELBASE.dll
0x000007fefee80000 - 0x000007fefef5b000 	C:\Windows\system32\ADVAPI32.dll
0x000007fefe4e0000 - 0x000007fefe57f000 	C:\Windows\system32\msvcrt.dll
0x000007fefed60000 - 0x000007fefed7f000 	C:\Windows\SYSTEM32\sechost.dll
0x000007fefeb90000 - 0x000007fefecbe000 	C:\Windows\system32\RPCRT4.dll
0x0000000076c70000 - 0x0000000076d6a000 	C:\Windows\system32\USER32.dll
0x000007fefd1b0000 - 0x000007fefd217000 	C:\Windows\system32\GDI32.dll
0x000007fefed90000 - 0x000007fefed9e000 	C:\Windows\system32\LPK.dll
0x000007fefd4e0000 - 0x000007fefd5aa000 	C:\Windows\system32\USP10.dll
0x000007fefb4f0000 - 0x000007fefb6e4000 	C:\Windows\WinSxS\amd64_microsoft.windows.common-controls_6595b64144ccf1df_6.0.7600.16661_none_fa62ad231704eab7\COMCTL32.dll
0x000007fefefb0000 - 0x000007feff021000 	C:\Windows\system32\SHLWAPI.dll
0x000007fefd4b0000 - 0x000007fefd4de000 	C:\Windows\system32\IMM32.DLL
0x000007fefd0a0000 - 0x000007fefd1a9000 	C:\Windows\system32\MSCTF.dll
0x000000006ac60000 - 0x000000006ad32000 	C:\Program Files\Android\Android Studio1\jre\jre\bin\msvcr100.dll
0x000000005bea0000 - 0x000000005c6dc000 	C:\Program Files\Android\Android Studio1\jre\jre\bin\server\jvm.dll
0x000007fef6590000 - 0x000007fef6599000 	C:\Windows\system32\WSOCK32.dll
0x000007feff030000 - 0x000007feff07d000 	C:\Windows\system32\WS2_32.dll
0x000007fefed80000 - 0x000007fefed88000 	C:\Windows\system32\NSI.dll
0x000007fef9130000 - 0x000007fef916b000 	C:\Windows\system32\WINMM.dll
0x000007fefbe40000 - 0x000007fefbe4c000 	C:\Windows\system32\VERSION.dll
0x0000000076f40000 - 0x0000000076f47000 	C:\Windows\system32\PSAPI.DLL
0x000007fef6700000 - 0x000007fef670f000 	C:\Program Files\Android\Android Studio1\jre\jre\bin\verify.dll
0x000007fef2580000 - 0x000007fef25a9000 	C:\Program Files\Android\Android Studio1\jre\jre\bin\java.dll
0x000007fef2e30000 - 0x000007fef2e46000 	C:\Program Files\Android\Android Studio1\jre\jre\bin\zip.dll
0x000007fefd750000 - 0x000007fefe4d7000 	C:\Windows\system32\SHELL32.dll
0x000007fefd2a0000 - 0x000007fefd4a2000 	C:\Windows\system32\ole32.dll
0x000007fefccd0000 - 0x000007fefccdf000 	C:\Windows\system32\profapi.dll

VM Arguments:
jvm_args: -Djava.awt.headless=true -Xmx1024M -Dfile.encoding=windows-1256 -Duser.country=US -Duser.language=en -Duser.variant 
java_command: com.android.dx.command.Main --dex --num-threads=4 --output E:\BakingTimenew\app\build\intermediates\pre-dexed\debug\com.android.support.test.espresso-espresso-core-2.2.2_812e190a8d2abe20b120016e2b0fd92cbbd3552b.jar E:\BakingTimenew\app\build\intermediates\exploded-aar\com.android.support.test.espresso\espresso-core\2.2.2\jars\classes.jar
java_class_path (initial): C:\Users\007\AppData\Local\Android\sdk\build-tools\25.0.2\lib\dx.jar
Launcher Type: SUN_STANDARD

Environment Variables:
PATH=E:\OraHome_2\bin;E:\OraHome_2\Mobile\Server\bin;E:\OraHome_1\bin;E:\OraHome_1\Mobile\Server\bin;D:\OraHome_1\bin;D:\OraHome_1\Mobile\Server\bin;D:\OraHome_3\bin;D:\OraHome_3\Mobile\Server\bin;D:\OraHome_2\bin;D:\OraHome_2\Mobile\Server\bin;c:\Windows\system32\WindowsPowershell\v1.0\ ;C:\Program Files\Java\jdk1.8.0_91\bin;
USERNAME=007
OS=Windows_NT
PROCESSOR_IDENTIFIER=Intel64 Family 6 Model 42 Stepping 7, GenuineIntel



---------------  S Y S T E M  ---------------

OS: Windows 7 , 64 bit Build 7600 (6.1.7600.17135)

CPU:total 4 (2 cores per cpu, 2 threads per core) family 6 model 42 stepping 7, cmov, cx8, fxsr, mmx, sse, sse2, sse3, ssse3, sse4.1, sse4.2, popcnt, clmul, ht, tsc, tscinvbit

Memory: 4k page, physical 1967472k(73176k free), swap 4917616k(4968k free)

vm_info: OpenJDK 64-Bit Server VM (25.112-b06) for windows-amd64 JRE (1.8.0_112-release-b06), built on Dec  8 2016 00:54:26 by "builder" with MS VC++ 10.0 (VS2010)

time: Fri Sep 15 00:55:40 2017
elapsed time: 66 seconds (0d 0h 1m 6s)

